生成启动时间为 2019/7/17 14:40:14。
     1>项目“E:\比特学习\学习代码\Project_7_16\Project_7_16\Project_7_16.vcxproj”在节点 2 上(Build 个目标)。
     1>ClCompile:
         C:\Program Files (x86)\Microsoft Visual Studio 12.0\VC\bin\CL.exe /c /ZI /nologo /W3 /WX- /sdl /Od /Oy- /D _MBCS /Gm /EHsc /RTC1 /MDd /GS /fp:precise /Zc:wchar_t /Zc:forScope /Fo"Debug\\" /Fd"Debug\vc120.pdb" /Gd /TC /analyze- /errorReport:prompt "ice_三次密码.c" "ice_找数字.c"
         ice_找数字.c
     1>e:\比特学习\学习代码\project_7_16\project_7_16\ice_找数字.c(45): error C2059: 语法错误:“return”
     1>e:\比特学习\学习代码\project_7_16\project_7_16\ice_找数字.c(46): error C2059: 语法错误:“}”
         ice_三次密码.c
         正在生成代码...
     1>e:\比特学习\学习代码\project_7_16\project_7_16\ice_三次密码.c(13): error C4700: 使用了未初始化的局部变量“password”
     1>已完成生成项目“E:\比特学习\学习代码\Project_7_16\Project_7_16\Project_7_16.vcxproj”(Build 个目标)的操作 - 失败。

生成失败。

已用时间 00:00:00.18
